<?xml version="1.0" encoding="UTF-8"?>
<testsuite xmlns:xsi="http://www.w3.org/2001/XMLSchema-instance" xsi:noNamespaceSchemaLocation="https://maven.apache.org/surefire/maven-surefire-plugin/xsd/surefire-test-report-3.0.xsd" version="3.0" name="com.studentgui.apphelpers.SqlGenerateTest" time="0.008" tests="1" errors="0" skipped="0" failures="0">
  <properties>
[...]
</properties>
  <testcase name="testInitializeCreatesContactLogTable" classname="com.studentgui.apphelpers.SqlGenerateTest" time="0.008">
    <system-out><![CDATA[14:08:18.863 [main] INFO com.studentgui.apphelpers.SqlGenerate -- Database already exists at D:\GitHubRepos\StudentGUI_java\app_home\StudentDatabase\students20252026.db
14:08:18.867 [main] INFO com.studentgui.apphelpers.SqlGenerate -- Database initialized/validated at D:\GitHubRepos\StudentGUI_java\app_home\StudentDatabase\students20252026.db
]]></system-out>
  </testcase>
</testsuite>